[1021/163043.272:ERROR:process_reader_win.cc(151)] SuspendThread: Access is denied. (0x5)
[1021/163043.272:ERROR:process_reader_win.cc(151)] SuspendThread: Access is denied. (0x5)
[1021/163043.273:ERROR:process_reader_win.cc(151)] SuspendThread: Access is denied. (0x5)
[1021/163043.273:ERROR:process_reader_win.cc(151)] SuspendThread: Access is denied. (0x5)
[1021/163043.273:ERROR:process_reader_win.cc(151)] SuspendThread: Access is denied. (0x5)
[1021/163043.273:ERROR:process_reader_win.cc(151)] SuspendThread: Access is denied. (0x5)
[1021/163043.273:ERROR:process_reader_win.cc(151)] SuspendThread: Access is denied. (0x5)
[1021/163043.273:ERROR:process_reader_win.cc(151)] SuspendThread: Access is denied. (0x5)
[1021/163043.273:ERROR:process_reader_win.cc(151)] SuspendThread: Access is denied. (0x5)
[1021/163043.273:ERROR:process_reader_win.cc(151)] SuspendThread: Access is denied. (0x5)
[1021/163043.273:ERROR:process_reader_win.cc(151)] SuspendThread: Access is denied. (0x5)
[1021/163043.273:ERROR:process_reader_win.cc(151)] SuspendThread: Access is denied. (0x5)
[1021/163043.273:ERROR:process_reader_win.cc(151)] SuspendThread: Access is denied. (0x5)
[1021/163043.273:ERROR:process_reader_win.cc(151)] SuspendThread: Access is denied. (0x5)
[1021/163043.273:ERROR:process_reader_win.cc(151)] SuspendThread: Access is denied. (0x5)
[1021/163043.273:ERROR:process_reader_win.cc(151)] SuspendThread: Access is denied. (0x5)
[1021/163043.273:ERROR:process_reader_win.cc(151)] SuspendThread: Access is denied. (0x5)
[1021/163043.273:ERROR:process_reader_win.cc(151)] SuspendThread: Access is denied. (0x5)
[1021/163043.273:ERROR:process_reader_win.cc(151)] SuspendThread: Access is denied. (0x5)
[1021/163043.273:ERROR:process_reader_win.cc(151)] SuspendThread: Access is denied. (0x5)
[1021/163043.273:ERROR:process_reader_win.cc(151)] SuspendThread: Access is denied. (0x5)
[1021/163043.273:ERROR:process_reader_win.cc(151)] SuspendThread: Access is denied. (0x5)
[1021/163043.273:ERROR:process_reader_win.cc(151)] SuspendThread: Access is denied. (0x5)
[1021/163043.273:ERROR:process_reader_win.cc(151)] SuspendThread: Access is denied. (0x5)
[1021/163043.273:ERROR:process_reader_win.cc(151)] SuspendThread: Access is denied. (0x5)
[1021/163043.273:ERROR:process_reader_win.cc(151)] SuspendThread: Access is denied. (0x5)
[1021/163043.273:ERROR:process_reader_win.cc(151)] SuspendThread: Access is denied. (0x5)
[1021/163043.273:ERROR:process_reader_win.cc(151)] SuspendThread: Access is denied. (0x5)
[1021/163043.273:ERROR:process_reader_win.cc(151)] SuspendThread: Access is denied. (0x5)
[1021/163043.273:ERROR:process_reader_win.cc(151)] SuspendThread: Access is denied. (0x5)
[1021/163043.273:ERROR:process_reader_win.cc(123)] NtOpenThread: {Access Denied} A process has requested access to an object, but has not been granted those access rights. (0xc0000022)
[1021/163043.273:ERROR:process_reader_win.cc(123)] NtOpenThread: {Access Denied} A process has requested access to an object, but has not been granted those access rights. (0xc0000022)
[1021/163043.274:ERROR:exception_snapshot_win.cc(99)] thread ID 3844 not found in process
[1021/163043.274:ERROR:exception_snapshot_win.cc(99)] thread ID 17476 not found in process
[1021/163043.288:ERROR:process_reader_win.cc(151)] SuspendThread: Access is denied. (0x5)
[1021/163043.288:ERROR:process_reader_win.cc(151)] SuspendThread: Access is denied. (0x5)
[1021/163043.288:ERROR:process_reader_win.cc(151)] SuspendThread: Access is denied. (0x5)
[1021/163043.288:ERROR:process_reader_win.cc(151)] SuspendThread: Access is denied. (0x5)
[1021/163043.288:ERROR:process_reader_win.cc(123)] NtOpenThread: {Access Denied} A process has requested access to an object, but has not been granted those access rights. (0xc0000022)
[1021/163043.288:ERROR:exception_snapshot_win.cc(99)] thread ID 11868 not found in process
[1021/163043.289:ERROR:process_reader_win.cc(151)] SuspendThread: Access is denied. (0x5)
[1021/163043.289:ERROR:process_reader_win.cc(151)] SuspendThread: Access is denied. (0x5)
[1021/163043.289:ERROR:process_reader_win.cc(151)] SuspendThread: Access is denied. (0x5)
[1021/163043.290:ERROR:process_reader_win.cc(151)] SuspendThread: Access is denied. (0x5)
[1021/163043.290:ERROR:process_reader_win.cc(123)] NtOpenThread: {Access Denied} A process has requested access to an object, but has not been granted those access rights. (0xc0000022)
[1021/163043.290:ERROR:exception_snapshot_win.cc(99)] thread ID 14704 not found in process
[1021/163409.607:ERROR:process_reader_win.cc(151)] SuspendThread: Access is denied. (0x5)
[1021/163409.608:ERROR:process_reader_win.cc(151)] SuspendThread: Access is denied. (0x5)
[1021/163409.608:ERROR:process_reader_win.cc(151)] SuspendThread: Access is denied. (0x5)
[1021/163409.608:ERROR:process_reader_win.cc(151)] SuspendThread: Access is denied. (0x5)
[1021/163409.608:ERROR:process_reader_win.cc(151)] SuspendThread: Access is denied. (0x5)
[1021/163409.608:ERROR:process_reader_win.cc(151)] SuspendThread: Access is denied. (0x5)
[1021/163409.608:ERROR:process_reader_win.cc(151)] SuspendThread: Access is denied. (0x5)
[1021/163409.608:ERROR:process_reader_win.cc(151)] SuspendThread: Access is denied. (0x5)
[1021/163409.608:ERROR:process_reader_win.cc(151)] SuspendThread: Access is denied. (0x5)
[1021/163409.608:ERROR:process_reader_win.cc(151)] SuspendThread: Access is denied. (0x5)
[1021/163409.608:ERROR:process_reader_win.cc(151)] SuspendThread: Access is denied. (0x5)
[1021/163409.608:ERROR:process_reader_win.cc(151)] SuspendThread: Access is denied. (0x5)
[1021/163409.608:ERROR:process_reader_win.cc(151)] SuspendThread: Access is denied. (0x5)
[1021/163409.608:ERROR:process_reader_win.cc(123)] NtOpenThread: {Access Denied} A process has requested access to an object, but has not been granted those access rights. (0xc0000022)
[1021/163409.608:ERROR:exception_snapshot_win.cc(99)] thread ID 11912 not found in process
[1021/163409.613:ERROR:process_reader_win.cc(151)] SuspendThread: Access is denied. (0x5)
[1021/163409.613:ERROR:process_reader_win.cc(151)] SuspendThread: Access is denied. (0x5)
[1021/163409.613:ERROR:process_reader_win.cc(151)] SuspendThread: Access is denied. (0x5)
[1021/163409.613:ERROR:process_reader_win.cc(151)] SuspendThread: Access is denied. (0x5)
[1021/163409.613:ERROR:process_reader_win.cc(151)] SuspendThread: Access is denied. (0x5)
[1021/163409.613:ERROR:process_reader_win.cc(151)] SuspendThread: Access is denied. (0x5)
[1021/163409.613:ERROR:process_reader_win.cc(151)] SuspendThread: Access is denied. (0x5)
[1021/163409.613:ERROR:process_reader_win.cc(151)] SuspendThread: Access is denied. (0x5)
[1021/163409.613:ERROR:process_reader_win.cc(151)] SuspendThread: Access is denied. (0x5)
[1021/163409.613:ERROR:process_reader_win.cc(151)] SuspendThread: Access is denied. (0x5)
[1021/163409.613:ERROR:process_reader_win.cc(151)] SuspendThread: Access is denied. (0x5)
[1021/163409.614:ERROR:process_reader_win.cc(151)] SuspendThread: Access is denied. (0x5)
[1021/163409.614:ERROR:process_reader_win.cc(151)] SuspendThread: Access is denied. (0x5)
[1021/163409.614:ERROR:process_reader_win.cc(151)] SuspendThread: Access is denied. (0x5)
[1021/163409.614:ERROR:process_reader_win.cc(151)] SuspendThread: Access is denied. (0x5)
[1021/163409.614:ERROR:process_reader_win.cc(151)] SuspendThread: Access is denied. (0x5)
[1021/163409.614:ERROR:process_reader_win.cc(151)] SuspendThread: Access is denied. (0x5)
[1021/163409.614:ERROR:process_reader_win.cc(151)] SuspendThread: Access is denied. (0x5)
[1021/163409.614:ERROR:process_reader_win.cc(151)] SuspendThread: Access is denied. (0x5)
[1021/163409.614:ERROR:process_reader_win.cc(151)] SuspendThread: Access is denied. (0x5)
[1021/163409.614:ERROR:process_reader_win.cc(151)] SuspendThread: Access is denied. (0x5)
[1021/163409.614:ERROR:process_reader_win.cc(151)] SuspendThread: Access is denied. (0x5)
[1021/163409.614:ERROR:process_reader_win.cc(151)] SuspendThread: Access is denied. (0x5)
[1021/163409.614:ERROR:process_reader_win.cc(151)] SuspendThread: Access is denied. (0x5)
[1021/163409.614:ERROR:process_reader_win.cc(151)] SuspendThread: Access is denied. (0x5)
[1021/163409.614:ERROR:process_reader_win.cc(151)] SuspendThread: Access is denied. (0x5)
[1021/163409.614:ERROR:process_reader_win.cc(151)] SuspendThread: Access is denied. (0x5)
[1021/163409.614:ERROR:process_reader_win.cc(151)] SuspendThread: Access is denied. (0x5)
[1021/163409.614:ERROR:process_reader_win.cc(151)] SuspendThread: Access is denied. (0x5)
[1021/163409.614:ERROR:process_reader_win.cc(151)] SuspendThread: Access is denied. (0x5)
[1021/163409.614:ERROR:process_reader_win.cc(151)] SuspendThread: Access is denied. (0x5)
[1021/163409.614:ERROR:process_reader_win.cc(151)] SuspendThread: Access is denied. (0x5)
[1021/163409.614:ERROR:process_reader_win.cc(151)] SuspendThread: Access is denied. (0x5)
[1021/163409.614:ERROR:process_reader_win.cc(151)] SuspendThread: Access is denied. (0x5)
[1021/163409.614:ERROR:process_reader_win.cc(151)] SuspendThread: Access is denied. (0x5)
[1021/163409.614:ERROR:process_reader_win.cc(151)] SuspendThread: Access is denied. (0x5)
[1021/163409.614:ERROR:process_reader_win.cc(151)] SuspendThread: Access is denied. (0x5)
[1021/163409.614:ERROR:process_reader_win.cc(151)] SuspendThread: Access is denied. (0x5)
[1021/163409.614:ERROR:process_reader_win.cc(151)] SuspendThread: Access is denied. (0x5)
[1021/163409.614:ERROR:process_reader_win.cc(151)] SuspendThread: Access is denied. (0x5)
[1021/163409.614:ERROR:process_reader_win.cc(151)] SuspendThread: Access is denied. (0x5)
[1021/163409.614:ERROR:process_reader_win.cc(151)] SuspendThread: Access is denied. (0x5)
[1021/163409.614:ERROR:process_reader_win.cc(151)] SuspendThread: Access is denied. (0x5)
[1021/163409.614:ERROR:process_reader_win.cc(151)] SuspendThread: Access is denied. (0x5)
[1021/163409.614:ERROR:process_reader_win.cc(151)] SuspendThread: Access is denied. (0x5)
[1021/163409.614:ERROR:process_reader_win.cc(151)] SuspendThread: Access is denied. (0x5)
[1021/163409.614:ERROR:process_reader_win.cc(151)] SuspendThread: Access is denied. (0x5)
[1021/163409.614:ERROR:process_reader_win.cc(151)] SuspendThread: Access is denied. (0x5)
[1021/163409.614:ERROR:process_reader_win.cc(151)] SuspendThread: Access is denied. (0x5)
[1021/163409.614:ERROR:process_reader_win.cc(151)] SuspendThread: Access is denied. (0x5)
[1021/163409.614:ERROR:process_reader_win.cc(151)] SuspendThread: Access is denied. (0x5)
[1021/163409.614:ERROR:process_reader_win.cc(151)] SuspendThread: Access is denied. (0x5)
[1021/163409.614:ERROR:process_reader_win.cc(151)] SuspendThread: Access is denied. (0x5)
[1021/163409.614:ERROR:process_reader_win.cc(151)] SuspendThread: Access is denied. (0x5)
[1021/163409.614:ERROR:process_reader_win.cc(151)] SuspendThread: Access is denied. (0x5)
[1021/163409.614:ERROR:process_reader_win.cc(151)] SuspendThread: Access is denied. (0x5)
[1021/163409.614:ERROR:process_reader_win.cc(151)] SuspendThread: Access is denied. (0x5)
[1021/163409.614:ERROR:process_reader_win.cc(151)] SuspendThread: Access is denied. (0x5)
[1021/163409.614:ERROR:process_reader_win.cc(151)] SuspendThread: Access is denied. (0x5)
[1021/163409.614:ERROR:process_reader_win.cc(151)] SuspendThread: Access is denied. (0x5)
[1021/163409.614:ERROR:process_reader_win.cc(151)] SuspendThread: Access is denied. (0x5)
[1021/163409.614:ERROR:process_reader_win.cc(151)] SuspendThread: Access is denied. (0x5)
[1021/163409.614:ERROR:process_reader_win.cc(151)] SuspendThread: Access is denied. (0x5)
[1021/163409.614:ERROR:process_reader_win.cc(151)] SuspendThread: Access is denied. (0x5)
[1021/163409.614:ERROR:process_reader_win.cc(151)] SuspendThread: Access is denied. (0x5)
[1021/163409.614:ERROR:process_reader_win.cc(151)] SuspendThread: Access is denied. (0x5)
[1021/163409.614:ERROR:process_reader_win.cc(123)] NtOpenThread: {Access Denied} A process has requested access to an object, but has not been granted those access rights. (0xc0000022)
[1021/163409.614:ERROR:exception_snapshot_win.cc(99)] thread ID 13288 not found in process
[1021/163409.614:ERROR:process_reader_win.cc(123)] NtOpenThread: {Access Denied} A process has requested access to an object, but has not been granted those access rights. (0xc0000022)
[1021/163409.614:ERROR:exception_snapshot_win.cc(99)] thread ID 14600 not found in process
[1021/163409.621:ERROR:process_reader_win.cc(151)] SuspendThread: Access is denied. (0x5)
[1021/163409.621:ERROR:process_reader_win.cc(151)] SuspendThread: Access is denied. (0x5)
[1021/163409.621:ERROR:process_reader_win.cc(151)] SuspendThread: Access is denied. (0x5)
[1021/163409.621:ERROR:process_reader_win.cc(151)] SuspendThread: Access is denied. (0x5)
[1021/163409.621:ERROR:process_reader_win.cc(151)] SuspendThread: Access is denied. (0x5)
[1021/163409.621:ERROR:process_reader_win.cc(151)] SuspendThread: Access is denied. (0x5)
[1021/163409.621:ERROR:process_reader_win.cc(151)] SuspendThread: Access is denied. (0x5)
[1021/163409.621:ERROR:process_reader_win.cc(151)] SuspendThread: Access is denied. (0x5)
[1021/163409.621:ERROR:process_reader_win.cc(151)] SuspendThread: Access is denied. (0x5)
[1021/163409.621:ERROR:process_reader_win.cc(151)] SuspendThread: Access is denied. (0x5)
[1021/163409.621:ERROR:process_reader_win.cc(151)] SuspendThread: Access is denied. (0x5)
[1021/163409.621:ERROR:process_reader_win.cc(151)] SuspendThread: Access is denied. (0x5)
[1021/163409.621:ERROR:process_reader_win.cc(151)] SuspendThread: Access is denied. (0x5)
[1021/163409.621:ERROR:process_reader_win.cc(151)] SuspendThread: Access is denied. (0x5)
[1021/163409.621:ERROR:process_reader_win.cc(151)] SuspendThread: Access is denied. (0x5)
[1021/163409.621:ERROR:process_reader_win.cc(151)] SuspendThread: Access is denied. (0x5)
[1021/163409.621:ERROR:process_reader_win.cc(151)] SuspendThread: Access is denied. (0x5)
[1021/163409.621:ERROR:process_reader_win.cc(151)] SuspendThread: Access is denied. (0x5)
[1021/163409.622:ERROR:process_reader_win.cc(151)] SuspendThread: Access is denied. (0x5)
[1021/163409.622:ERROR:process_reader_win.cc(151)] SuspendThread: Access is denied. (0x5)
[1021/163409.622:ERROR:process_reader_win.cc(151)] SuspendThread: Access is denied. (0x5)
[1021/163409.622:ERROR:process_reader_win.cc(151)] SuspendThread: Access is denied. (0x5)
[1021/163409.622:ERROR:process_reader_win.cc(151)] SuspendThread: Access is denied. (0x5)
[1021/163409.622:ERROR:process_reader_win.cc(151)] SuspendThread: Access is denied. (0x5)
[1021/163409.622:ERROR:process_reader_win.cc(151)] SuspendThread: Access is denied. (0x5)
[1021/163409.622:ERROR:process_reader_win.cc(151)] SuspendThread: Access is denied. (0x5)
[1021/163409.622:ERROR:process_reader_win.cc(123)] NtOpenThread: {Access Denied} A process has requested access to an object, but has not been granted those access rights. (0xc0000022)
[1021/163409.622:ERROR:exception_snapshot_win.cc(99)] thread ID 12940 not found in process
[1021/163409.623:ERROR:process_reader_win.cc(151)] SuspendThread: Access is denied. (0x5)
[1021/163409.623:ERROR:process_reader_win.cc(151)] SuspendThread: Access is denied. (0x5)
[1021/163409.623:ERROR:process_reader_win.cc(151)] SuspendThread: Access is denied. (0x5)
[1021/163409.623:ERROR:process_reader_win.cc(151)] SuspendThread: Access is denied. (0x5)
[1021/163409.623:ERROR:process_reader_win.cc(151)] SuspendThread: Access is denied. (0x5)
[1021/163409.623:ERROR:process_reader_win.cc(151)] SuspendThread: Access is denied. (0x5)
[1021/163409.623:ERROR:process_reader_win.cc(123)] NtOpenThread: {Access Denied} A process has requested access to an object, but has not been granted those access rights. (0xc0000022)
[1021/163409.623:ERROR:exception_snapshot_win.cc(99)] thread ID 17652 not found in process
[1021/163409.623:ERROR:process_reader_win.cc(151)] SuspendThread: Access is denied. (0x5)
[1021/163409.623:ERROR:process_reader_win.cc(151)] SuspendThread: Access is denied. (0x5)
[1021/163409.623:ERROR:process_reader_win.cc(151)] SuspendThread: Access is denied. (0x5)
[1021/163409.623:ERROR:process_reader_win.cc(151)] SuspendThread: Access is denied. (0x5)
[1021/163409.623:ERROR:process_reader_win.cc(151)] SuspendThread: Access is denied. (0x5)
[1021/163409.623:ERROR:process_reader_win.cc(151)] SuspendThread: Access is denied. (0x5)
[1021/163409.623:ERROR:process_reader_win.cc(151)] SuspendThread: Access is denied. (0x5)
[1021/163409.623:ERROR:process_reader_win.cc(151)] SuspendThread: Access is denied. (0x5)
[1021/163409.623:ERROR:process_reader_win.cc(151)] SuspendThread: Access is denied. (0x5)
[1021/163409.623:ERROR:process_reader_win.cc(151)] SuspendThread: Access is denied. (0x5)
[1021/163409.623:ERROR:process_reader_win.cc(151)] SuspendThread: Access is denied. (0x5)
[1021/163409.623:ERROR:process_reader_win.cc(123)] NtOpenThread: {Access Denied} A process has requested access to an object, but has not been granted those access rights. (0xc0000022)
[1021/163409.623:ERROR:exception_snapshot_win.cc(99)] thread ID 2544 not found in process
[1021/163409.613:ERROR:process_reader_win.cc(151)] SuspendThread: Access is denied. (0x5)
[1021/163409.624:ERROR:process_reader_win.cc(151)] SuspendThread: Access is denied. (0x5)
[1021/163409.624:ERROR:process_reader_win.cc(151)] SuspendThread: Access is denied. (0x5)
[1021/163409.624:ERROR:process_reader_win.cc(151)] SuspendThread: Access is denied. (0x5)
[1021/163409.624:ERROR:process_reader_win.cc(151)] SuspendThread: Access is denied. (0x5)
[1021/163409.624:ERROR:process_reader_win.cc(151)] SuspendThread: Access is denied. (0x5)
[1021/163409.625:ERROR:process_reader_win.cc(151)] SuspendThread: Access is denied. (0x5)
[1021/163409.625:ERROR:process_reader_win.cc(151)] SuspendThread: Access is denied. (0x5)
[1021/163409.625:ERROR:process_reader_win.cc(151)] SuspendThread: Access is denied. (0x5)
[1021/163409.625:ERROR:process_reader_win.cc(151)] SuspendThread: Access is denied. (0x5)
[1021/163409.625:ERROR:process_reader_win.cc(151)] SuspendThread: Access is denied. (0x5)
[1021/163409.625:ERROR:process_reader_win.cc(151)] SuspendThread: Access is denied. (0x5)
[1021/163409.625:ERROR:process_reader_win.cc(151)] SuspendThread: Access is denied. (0x5)
[1021/163409.625:ERROR:process_reader_win.cc(151)] SuspendThread: Access is denied. (0x5)
[1021/163409.625:ERROR:process_reader_win.cc(151)] SuspendThread: Access is denied. (0x5)
[1021/163409.625:ERROR:process_reader_win.cc(123)] NtOpenThread: An invalid Client ID was specified. (0xc000000b)
[1021/163409.625:ERROR:process_reader_win.cc(151)] SuspendThread: Access is denied. (0x5)
[1021/163409.625:ERROR:process_reader_win.cc(151)] SuspendThread: Access is denied. (0x5)
[1021/163409.625:ERROR:process_reader_win.cc(151)] SuspendThread: Access is denied. (0x5)
[1021/163409.625:ERROR:process_reader_win.cc(151)] SuspendThread: Access is denied. (0x5)
[1021/163409.625:ERROR:process_reader_win.cc(151)] SuspendThread: Access is denied. (0x5)
[1021/163409.625:ERROR:process_reader_win.cc(151)] SuspendThread: Access is denied. (0x5)
[1021/163409.625:ERROR:process_reader_win.cc(151)] SuspendThread: Access is denied. (0x5)
[1021/163409.625:ERROR:process_reader_win.cc(151)] SuspendThread: Access is denied. (0x5)
[1021/163409.625:ERROR:process_reader_win.cc(151)] SuspendThread: Access is denied. (0x5)
[1021/163409.625:ERROR:process_reader_win.cc(151)] SuspendThread: Access is denied. (0x5)
[1021/163409.625:ERROR:process_reader_win.cc(151)] SuspendThread: Access is denied. (0x5)
[1021/163409.625:ERROR:process_reader_win.cc(151)] SuspendThread: Access is denied. (0x5)
[1021/163409.625:ERROR:process_reader_win.cc(151)] SuspendThread: Access is denied. (0x5)
[1021/163409.625:ERROR:process_reader_win.cc(151)] SuspendThread: Access is denied. (0x5)
[1021/163409.625:ERROR:process_reader_win.cc(151)] SuspendThread: Access is denied. (0x5)
[1021/163409.625:ERROR:process_reader_win.cc(151)] SuspendThread: Access is denied. (0x5)
[1021/163409.625:ERROR:process_reader_win.cc(151)] SuspendThread: Access is denied. (0x5)
[1021/163409.625:ERROR:process_reader_win.cc(151)] SuspendThread: Access is denied. (0x5)
[1021/163409.625:ERROR:process_reader_win.cc(151)] SuspendThread: Access is denied. (0x5)
[1021/163409.625:ERROR:process_reader_win.cc(151)] SuspendThread: Access is denied. (0x5)
[1021/163409.625:ERROR:process_reader_win.cc(151)] SuspendThread: Access is denied. (0x5)
[1021/163409.625:ERROR:process_reader_win.cc(151)] SuspendThread: Access is denied. (0x5)
[1021/163409.625:ERROR:process_reader_win.cc(151)] SuspendThread: Access is denied. (0x5)
[1021/163409.625:ERROR:process_reader_win.cc(151)] SuspendThread: Access is denied. (0x5)
[1021/163409.625:ERROR:process_reader_win.cc(151)] SuspendThread: Access is denied. (0x5)
[1021/163409.625:ERROR:process_reader_win.cc(151)] SuspendThread: Access is denied. (0x5)
[1021/163409.625:ERROR:process_reader_win.cc(123)] NtOpenThread: {Access Denied} A process has requested access to an object, but has not been granted those access rights. (0xc0000022)
[1021/163409.625:ERROR:exception_snapshot_win.cc(99)] thread ID 13488 not found in process
[1021/163409.635:ERROR:process_reader_win.cc(123)] NtOpenThread: {Access Denied} A process has requested access to an object, but has not been granted those access rights. (0xc0000022)
[1021/163409.635:ERROR:exception_snapshot_win.cc(99)] thread ID 1900 not found in process
[1021/165609.425:ERROR:directory_reader_win.cc(43)] FindFirstFile: The system cannot find the path specified. (0x3)
[1021/165613.082:ERROR:directory_reader_win.cc(43)] FindFirstFile: The system cannot find the path specified. (0x3)
[1021/165622.681:ERROR:process_reader_win.cc(151)] SuspendThread: Access is denied. (0x5)
[1021/165622.681:ERROR:process_reader_win.cc(151)] SuspendThread: Access is denied. (0x5)
[1021/165622.681:ERROR:process_reader_win.cc(123)] NtOpenThread: {Access Denied} A process has requested access to an object, but has not been granted those access rights. (0xc0000022)
[1021/165622.681:ERROR:exception_snapshot_win.cc(99)] thread ID 4576 not found in process
[1021/165622.681:ERROR:process_reader_win.cc(151)] SuspendThread: Access is denied. (0x5)
[1021/165622.682:ERROR:process_reader_win.cc(151)] SuspendThread: Access is denied. (0x5)
[1021/165622.682:ERROR:process_reader_win.cc(123)] NtOpenThread: {Access Denied} A process has requested access to an object, but has not been granted those access rights. (0xc0000022)
[1021/165622.682:ERROR:exception_snapshot_win.cc(99)] thread ID 18968 not found in process
[1021/165622.690:ERROR:process_reader_win.cc(151)] SuspendThread: Access is denied. (0x5)
[1021/165622.690:ERROR:process_reader_win.cc(123)] NtOpenThread: {Access Denied} A process has requested access to an object, but has not been granted those access rights. (0xc0000022)
[1021/165622.690:ERROR:exception_snapshot_win.cc(99)] thread ID 17624 not found in process
[1021/165622.696:ERROR:process_reader_win.cc(123)] NtOpenThread: {Access Denied} A process has requested access to an object, but has not been granted those access rights. (0xc0000022)
[1021/165622.696:ERROR:exception_snapshot_win.cc(99)] thread ID 7552 not found in process
[1021/165622.697:ERROR:process_reader_win.cc(123)] NtOpenThread: {Access Denied} A process has requested access to an object, but has not been granted those access rights. (0xc0000022)
[1021/165622.697:ERROR:exception_snapshot_win.cc(99)] thread ID 18100 not found in process
